
SQL*Loader: Release 18.0.0.0.0 - Production on Thu May 13 20:31:31 2021
Version 18.4.0.0.0

Copyright (c) 1982, 2019, Oracle and/or its affiliates.  All rights reserved.

Control File:   choroby.ctl
Data File:      choroby.csv
  Bad File:     bad/choroby.bad
  Discard File: dsc/choroby.dsc 
 (Allow all discards)

Number to load: ALL
Number to skip: 0
Errors allowed: 50
Bind array:     250 rows, maximum of 1048576 bytes
Continuation:    none specified
Path used:      Conventional

Table CHOROBY, loaded from every logical record.
Insert option in effect for this table: REPLACE
TRAILING NULLCOLS option in effect

   Column Name                  Position   Len  Term Encl Datatype
------------------------------ ---------- ----- ---- ---- ---------------------
CHOROBY_ID                          FIRST     *   ,       CHARACTER            
NAZWA                                NEXT     *   ,       CHARACTER            
OPIS                                 NEXT     *   ,       CHARACTER            
POCZATEK                             NEXT     *   ,       DATE yyyy-mm-dd      
KONIEC                               NEXT     *   ,       DATE yyyy-mm-dd      
PESEL_ID                             NEXT     *   ,       CHARACTER            

Record 1: Rejected - Error on table CHOROBY.
ORA-02291: integrity constraint (POTAS.FK_CH_KART) violated - parent key not found

Record 2: Rejected - Error on table CHOROBY, column POCZATEK.
ORA-01841: (full) year must be between -4713 and +9999, and not be 0

Record 3: Rejected - Error on table CHOROBY, column POCZATEK.
ORA-01841: (full) year must be between -4713 and +9999, and not be 0

Record 4: Rejected - Error on table CHOROBY, column POCZATEK.
ORA-01841: (full) year must be between -4713 and +9999, and not be 0

Record 5: Rejected - Error on table CHOROBY, column POCZATEK.
ORA-01841: (full) year must be between -4713 and +9999, and not be 0

Record 6: Rejected - Error on table CHOROBY.
ORA-02291: integrity constraint (POTAS.FK_CH_KART) violated - parent key not found

Record 7: Rejected - Error on table CHOROBY.
ORA-02291: integrity constraint (POTAS.FK_CH_KART) violated - parent key not found

Record 8: Rejected - Error on table CHOROBY, column POCZATEK.
ORA-01841: (full) year must be between -4713 and +9999, and not be 0

Record 9: Rejected - Error on table CHOROBY, column POCZATEK.
ORA-01841: (full) year must be between -4713 and +9999, and not be 0

Record 10: Rejected - Error on table CHOROBY, column POCZATEK.
ORA-01841: (full) year must be between -4713 and +9999, and not be 0

Record 11: Rejected - Error on table CHOROBY, column POCZATEK.
ORA-01841: (full) year must be between -4713 and +9999, and not be 0

Record 12: Rejected - Error on table CHOROBY, column POCZATEK.
ORA-01841: (full) year must be between -4713 and +9999, and not be 0

Record 13: Rejected - Error on table CHOROBY, column POCZATEK.
ORA-01841: (full) year must be between -4713 and +9999, and not be 0

Record 14: Rejected - Error on table CHOROBY, column POCZATEK.
ORA-01841: (full) year must be between -4713 and +9999, and not be 0

Record 15: Rejected - Error on table CHOROBY, column POCZATEK.
ORA-01841: (full) year must be between -4713 and +9999, and not be 0

Record 16: Rejected - Error on table CHOROBY, column POCZATEK.
ORA-01841: (full) year must be between -4713 and +9999, and not be 0

Record 17: Rejected - Error on table CHOROBY, column POCZATEK.
ORA-01841: (full) year must be between -4713 and +9999, and not be 0

Record 18: Rejected - Error on table CHOROBY, column POCZATEK.
ORA-01841: (full) year must be between -4713 and +9999, and not be 0

Record 19: Rejected - Error on table CHOROBY.
ORA-02291: integrity constraint (POTAS.FK_CH_KART) violated - parent key not found

Record 20: Rejected - Error on table CHOROBY, column POCZATEK.
ORA-01841: (full) year must be between -4713 and +9999, and not be 0

Record 21: Rejected - Error on table CHOROBY, column POCZATEK.
ORA-01841: (full) year must be between -4713 and +9999, and not be 0

Record 22: Rejected - Error on table CHOROBY, column POCZATEK.
ORA-01841: (full) year must be between -4713 and +9999, and not be 0

Record 23: Rejected - Error on table CHOROBY, column POCZATEK.
ORA-01841: (full) year must be between -4713 and +9999, and not be 0

Record 24: Rejected - Error on table CHOROBY, column POCZATEK.
ORA-01841: (full) year must be between -4713 and +9999, and not be 0

Record 25: Rejected - Error on table CHOROBY, column POCZATEK.
ORA-01841: (full) year must be between -4713 and +9999, and not be 0

Record 26: Rejected - Error on table CHOROBY, column POCZATEK.
ORA-01841: (full) year must be between -4713 and +9999, and not be 0

Record 27: Rejected - Error on table CHOROBY, column POCZATEK.
ORA-01841: (full) year must be between -4713 and +9999, and not be 0

Record 28: Rejected - Error on table CHOROBY, column POCZATEK.
ORA-01841: (full) year must be between -4713 and +9999, and not be 0

Record 29: Rejected - Error on table CHOROBY, column POCZATEK.
ORA-01841: (full) year must be between -4713 and +9999, and not be 0

Record 30: Rejected - Error on table CHOROBY, column POCZATEK.
ORA-01841: (full) year must be between -4713 and +9999, and not be 0

Record 31: Rejected - Error on table CHOROBY, column POCZATEK.
ORA-01841: (full) year must be between -4713 and +9999, and not be 0

Record 32: Rejected - Error on table CHOROBY, column POCZATEK.
ORA-01841: (full) year must be between -4713 and +9999, and not be 0

Record 33: Rejected - Error on table CHOROBY, column POCZATEK.
ORA-01841: (full) year must be between -4713 and +9999, and not be 0

Record 34: Rejected - Error on table CHOROBY, column POCZATEK.
ORA-01841: (full) year must be between -4713 and +9999, and not be 0

Record 35: Rejected - Error on table CHOROBY, column POCZATEK.
ORA-01841: (full) year must be between -4713 and +9999, and not be 0

Record 36: Rejected - Error on table CHOROBY, column POCZATEK.
ORA-01841: (full) year must be between -4713 and +9999, and not be 0

Record 37: Rejected - Error on table CHOROBY, column POCZATEK.
ORA-01841: (full) year must be between -4713 and +9999, and not be 0

Record 38: Rejected - Error on table CHOROBY, column POCZATEK.
ORA-01841: (full) year must be between -4713 and +9999, and not be 0

Record 39: Rejected - Error on table CHOROBY, column POCZATEK.
ORA-01841: (full) year must be between -4713 and +9999, and not be 0

Record 40: Rejected - Error on table CHOROBY.
ORA-02291: integrity constraint (POTAS.FK_CH_KART) violated - parent key not found

Record 41: Rejected - Error on table CHOROBY, column POCZATEK.
ORA-01841: (full) year must be between -4713 and +9999, and not be 0

Record 42: Rejected - Error on table CHOROBY.
ORA-02291: integrity constraint (POTAS.FK_CH_KART) violated - parent key not found

Record 43: Rejected - Error on table CHOROBY, column POCZATEK.
ORA-01841: (full) year must be between -4713 and +9999, and not be 0

Record 44: Rejected - Error on table CHOROBY, column POCZATEK.
ORA-01841: (full) year must be between -4713 and +9999, and not be 0

Record 45: Rejected - Error on table CHOROBY, column POCZATEK.
ORA-01841: (full) year must be between -4713 and +9999, and not be 0

Record 46: Rejected - Error on table CHOROBY, column POCZATEK.
ORA-01841: (full) year must be between -4713 and +9999, and not be 0

Record 47: Rejected - Error on table CHOROBY, column POCZATEK.
ORA-01841: (full) year must be between -4713 and +9999, and not be 0

Record 48: Rejected - Error on table CHOROBY, column POCZATEK.
ORA-01841: (full) year must be between -4713 and +9999, and not be 0

Record 49: Rejected - Error on table CHOROBY, column POCZATEK.
ORA-01841: (full) year must be between -4713 and +9999, and not be 0

Record 50: Rejected - Error on table CHOROBY, column POCZATEK.
ORA-01841: (full) year must be between -4713 and +9999, and not be 0

Record 51: Rejected - Error on table CHOROBY, column POCZATEK.
ORA-01841: (full) year must be between -4713 and +9999, and not be 0


MAXIMUM ERROR COUNT EXCEEDED - Above statistics reflect partial run.

Table CHOROBY:
  0 Rows successfully loaded.
  51 Rows not loaded due to data errors.
  0 Rows not loaded because all WHEN clauses were failed.
  0 Rows not loaded because all fields were null.


Space allocated for bind array:                 387000 bytes(250 rows)
Read   buffer bytes: 1048576

Total logical records skipped:          0
Total logical records read:           250
Total logical records rejected:        51
Total logical records discarded:        0

Run began on Thu May 13 20:31:31 2021
Run ended on Thu May 13 20:31:31 2021

Elapsed time was:     00:00:00.23
CPU time was:         00:00:00.16
