
SQL*Loader: Release 18.0.0.0.0 - Production on Thu May 13 20:31:28 2021
Version 18.4.0.0.0

Copyright (c) 1982, 2019, Oracle and/or its affiliates.  All rights reserved.

Control File:   kontakty.ctl
Data File:      kontakty.csv
  Bad File:     bad/kontakty.bad
  Discard File: dsc/kontakty.dsc 
 (Allow all discards)

Number to load: ALL
Number to skip: 0
Errors allowed: 50
Bind array:     250 rows, maximum of 1048576 bytes
Continuation:    none specified
Path used:      Conventional

Table KONTAKTY, loaded from every logical record.
Insert option in effect for this table: REPLACE
TRAILING NULLCOLS option in effect

   Column Name                  Position   Len  Term Encl Datatype
------------------------------ ---------- ----- ---- ---- ---------------------
KONTAKT_ID                          FIRST     *   ,       CHARACTER            
TELEFON                              NEXT     *   ,       CHARACTER            
EMAIL                                NEXT     *   ,       CHARACTER            


Table KONTAKTY:
  40000 Rows successfully loaded.
  0 Rows not loaded due to data errors.
  0 Rows not loaded because all WHEN clauses were failed.
  0 Rows not loaded because all fields were null.


Space allocated for bind array:                 193500 bytes(250 rows)
Read   buffer bytes: 1048576

Total logical records skipped:          0
Total logical records read:         40000
Total logical records rejected:         0
Total logical records discarded:        0

Run began on Thu May 13 20:31:28 2021
Run ended on Thu May 13 20:31:29 2021

Elapsed time was:     00:00:01.19
CPU time was:         00:00:00.18
