
SQL*Loader: Release 18.0.0.0.0 - Production on Fri May 14 19:10:20 2021
Version 18.4.0.0.0

Copyright (c) 1982, 2019, Oracle and/or its affiliates.  All rights reserved.

Control File:   oddzialy_nfz.ctl
Data File:      oddzialy_nfz.csv
  Bad File:     bad/oddzialy_nfz.bad
  Discard File: dsc/oddzialy_nfz.dsc 
 (Allow all discards)

Number to load: ALL
Number to skip: 0
Errors allowed: 50
Bind array:     250 rows, maximum of 1048576 bytes
Continuation:    none specified
Path used:      Conventional

Table ODDZIALY_NFZ, loaded from every logical record.
Insert option in effect for this table: REPLACE
TRAILING NULLCOLS option in effect

   Column Name                  Position   Len  Term Encl Datatype
------------------------------ ---------- ----- ---- ---- ---------------------
ODDZIAL_NFZ_ID                      FIRST     *   ,       CHARACTER            
NAZWA                                NEXT     *   ,       CHARACTER            
KOD_FUNDUSZU                         NEXT     *   ,       CHARACTER            


Table ODDZIALY_NFZ:
  100 Rows successfully loaded.
  0 Rows not loaded due to data errors.
  0 Rows not loaded because all WHEN clauses were failed.
  0 Rows not loaded because all fields were null.


Space allocated for bind array:                 193500 bytes(250 rows)
Read   buffer bytes: 1048576

Total logical records skipped:          0
Total logical records read:           100
Total logical records rejected:         0
Total logical records discarded:        0

Run began on Fri May 14 19:10:20 2021
Run ended on Fri May 14 19:10:21 2021

Elapsed time was:     00:00:00.84
CPU time was:         00:00:00.16
