
SQL*Loader: Release 18.0.0.0.0 - Production on Thu May 13 20:31:32 2021
Version 18.4.0.0.0

Copyright (c) 1982, 2019, Oracle and/or its affiliates.  All rights reserved.

Control File:   pacjenci.ctl
Data File:      pacjenci.csv
  Bad File:     bad/pacjenci.bad
  Discard File: dsc/pacjenci.dsc 
 (Allow all discards)

Number to load: ALL
Number to skip: 0
Errors allowed: 50
Bind array:     250 rows, maximum of 1048576 bytes
Continuation:    none specified
Path used:      Conventional

Table PACJENCI, loaded from every logical record.
Insert option in effect for this table: REPLACE
TRAILING NULLCOLS option in effect

   Column Name                  Position   Len  Term Encl Datatype
------------------------------ ---------- ----- ---- ---- ---------------------
PACJENT_ID                          FIRST     *   ,       CHARACTER            
IMIE                                 NEXT     *   ,       CHARACTER            
NAZWISKO                             NEXT     *   ,       CHARACTER            
LOGIN                                NEXT     *   ,       CHARACTER            
HASLO                                NEXT     *   ,       CHARACTER            
PESEL_ID                             NEXT     *   ,       CHARACTER            
KONTAKT_ID                           NEXT     *   ,       CHARACTER            
ADRES_ID                             NEXT     *   ,       CHARACTER            

Record 1: Rejected - Error on table PACJENCI.
ORA-02291: integrity constraint (POTAS.FK_PAC_ADR) violated - parent key not found

Record 2: Rejected - Error on table PACJENCI, column LOGIN.
ORA-12899: value too large for column "POTAS"."PACJENCI"."LOGIN" (actual: 86, maximum: 45)

Record 3: Rejected - Error on table PACJENCI, column LOGIN.
ORA-12899: value too large for column "POTAS"."PACJENCI"."LOGIN" (actual: 89, maximum: 45)

Record 4: Rejected - Error on table PACJENCI.
ORA-02291: integrity constraint (POTAS.FK_PAC_ADR) violated - parent key not found

Record 5: Rejected - Error on table PACJENCI.
ORA-02291: integrity constraint (POTAS.FK_PAC_ADR) violated - parent key not found

Record 6: Rejected - Error on table PACJENCI, column LOGIN.
ORA-12899: value too large for column "POTAS"."PACJENCI"."LOGIN" (actual: 51, maximum: 45)

Record 7: Rejected - Error on table PACJENCI, column LOGIN.
ORA-12899: value too large for column "POTAS"."PACJENCI"."LOGIN" (actual: 52, maximum: 45)

Record 8: Rejected - Error on table PACJENCI, column LOGIN.
ORA-12899: value too large for column "POTAS"."PACJENCI"."LOGIN" (actual: 46, maximum: 45)

Record 10: Rejected - Error on table PACJENCI, column LOGIN.
ORA-12899: value too large for column "POTAS"."PACJENCI"."LOGIN" (actual: 86, maximum: 45)

Record 11: Rejected - Error on table PACJENCI.
ORA-02291: integrity constraint (POTAS.FK_PAC_ADR) violated - parent key not found

Record 12: Rejected - Error on table PACJENCI.
ORA-02291: integrity constraint (POTAS.FK_PAC_ADR) violated - parent key not found

Record 13: Rejected - Error on table PACJENCI.
ORA-02291: integrity constraint (POTAS.FK_PAC_ADR) violated - parent key not found

Record 14: Rejected - Error on table PACJENCI, column LOGIN.
ORA-12899: value too large for column "POTAS"."PACJENCI"."LOGIN" (actual: 71, maximum: 45)

Record 15: Rejected - Error on table PACJENCI.
ORA-02291: integrity constraint (POTAS.FK_PAC_ADR) violated - parent key not found

Record 16: Rejected - Error on table PACJENCI.
ORA-02291: integrity constraint (POTAS.FK_PAC_ADR) violated - parent key not found

Record 17: Rejected - Error on table PACJENCI.
ORA-02291: integrity constraint (POTAS.FK_PAC_ADR) violated - parent key not found

Record 19: Rejected - Error on table PACJENCI.
ORA-02291: integrity constraint (POTAS.FK_PAC_ADR) violated - parent key not found

Record 20: Rejected - Error on table PACJENCI.
ORA-02291: integrity constraint (POTAS.FK_PAC_ADR) violated - parent key not found

Record 21: Rejected - Error on table PACJENCI, column LOGIN.
ORA-12899: value too large for column "POTAS"."PACJENCI"."LOGIN" (actual: 101, maximum: 45)

Record 22: Rejected - Error on table PACJENCI, column LOGIN.
ORA-12899: value too large for column "POTAS"."PACJENCI"."LOGIN" (actual: 59, maximum: 45)

Record 23: Rejected - Error on table PACJENCI.
ORA-02291: integrity constraint (POTAS.FK_PAC_ADR) violated - parent key not found

Record 24: Rejected - Error on table PACJENCI, column LOGIN.
ORA-12899: value too large for column "POTAS"."PACJENCI"."LOGIN" (actual: 81, maximum: 45)

Record 25: Rejected - Error on table PACJENCI, column LOGIN.
ORA-12899: value too large for column "POTAS"."PACJENCI"."LOGIN" (actual: 92, maximum: 45)

Record 26: Rejected - Error on table PACJENCI, column LOGIN.
ORA-12899: value too large for column "POTAS"."PACJENCI"."LOGIN" (actual: 76, maximum: 45)

Record 27: Rejected - Error on table PACJENCI.
ORA-02291: integrity constraint (POTAS.FK_PAC_ADR) violated - parent key not found

Record 28: Rejected - Error on table PACJENCI.
ORA-02291: integrity constraint (POTAS.FK_PAC_ADR) violated - parent key not found

Record 29: Rejected - Error on table PACJENCI.
ORA-02291: integrity constraint (POTAS.FK_PAC_ADR) violated - parent key not found

Record 30: Rejected - Error on table PACJENCI, column LOGIN.
ORA-12899: value too large for column "POTAS"."PACJENCI"."LOGIN" (actual: 69, maximum: 45)

Record 31: Rejected - Error on table PACJENCI, column LOGIN.
ORA-12899: value too large for column "POTAS"."PACJENCI"."LOGIN" (actual: 56, maximum: 45)

Record 32: Rejected - Error on table PACJENCI.
ORA-02291: integrity constraint (POTAS.FK_PAC_ADR) violated - parent key not found

Record 33: Rejected - Error on table PACJENCI.
ORA-02291: integrity constraint (POTAS.FK_PAC_ADR) violated - parent key not found

Record 34: Rejected - Error on table PACJENCI.
ORA-02291: integrity constraint (POTAS.FK_PAC_ADR) violated - parent key not found

Record 36: Rejected - Error on table PACJENCI, column LOGIN.
ORA-12899: value too large for column "POTAS"."PACJENCI"."LOGIN" (actual: 82, maximum: 45)

Record 37: Rejected - Error on table PACJENCI, column LOGIN.
ORA-12899: value too large for column "POTAS"."PACJENCI"."LOGIN" (actual: 95, maximum: 45)

Record 38: Rejected - Error on table PACJENCI.
ORA-02291: integrity constraint (POTAS.FK_PAC_ADR) violated - parent key not found

Record 39: Rejected - Error on table PACJENCI.
ORA-02291: integrity constraint (POTAS.FK_PAC_ADR) violated - parent key not found

Record 40: Rejected - Error on table PACJENCI, column LOGIN.
ORA-12899: value too large for column "POTAS"."PACJENCI"."LOGIN" (actual: 68, maximum: 45)

Record 41: Rejected - Error on table PACJENCI.
ORA-02291: integrity constraint (POTAS.FK_PAC_ADR) violated - parent key not found

Record 42: Rejected - Error on table PACJENCI, column LOGIN.
ORA-12899: value too large for column "POTAS"."PACJENCI"."LOGIN" (actual: 79, maximum: 45)

Record 43: Rejected - Error on table PACJENCI.
ORA-02291: integrity constraint (POTAS.FK_PAC_ADR) violated - parent key not found

Record 44: Rejected - Error on table PACJENCI.
ORA-02291: integrity constraint (POTAS.FK_PAC_ADR) violated - parent key not found

Record 46: Rejected - Error on table PACJENCI.
ORA-02291: integrity constraint (POTAS.FK_PAC_ADR) violated - parent key not found

Record 48: Rejected - Error on table PACJENCI, column LOGIN.
ORA-12899: value too large for column "POTAS"."PACJENCI"."LOGIN" (actual: 53, maximum: 45)

Record 49: Rejected - Error on table PACJENCI, column LOGIN.
ORA-12899: value too large for column "POTAS"."PACJENCI"."LOGIN" (actual: 97, maximum: 45)

Record 50: Rejected - Error on table PACJENCI, column LOGIN.
ORA-12899: value too large for column "POTAS"."PACJENCI"."LOGIN" (actual: 88, maximum: 45)

Record 51: Rejected - Error on table PACJENCI.
ORA-02291: integrity constraint (POTAS.FK_PAC_ADR) violated - parent key not found

Record 52: Rejected - Error on table PACJENCI.
ORA-02291: integrity constraint (POTAS.FK_PAC_ADR) violated - parent key not found

Record 53: Rejected - Error on table PACJENCI, column LOGIN.
ORA-12899: value too large for column "POTAS"."PACJENCI"."LOGIN" (actual: 101, maximum: 45)

Record 54: Rejected - Error on table PACJENCI.
ORA-02291: integrity constraint (POTAS.FK_PAC_ADR) violated - parent key not found

Record 55: Rejected - Error on table PACJENCI.
ORA-02291: integrity constraint (POTAS.FK_PAC_ADR) violated - parent key not found

Record 56: Rejected - Error on table PACJENCI, column HASLO.
ORA-12899: value too large for column "POTAS"."PACJENCI"."HASLO" (actual: 47, maximum: 45)


MAXIMUM ERROR COUNT EXCEEDED - Above statistics reflect partial run.

Table PACJENCI:
  5 Rows successfully loaded.
  51 Rows not loaded due to data errors.
  0 Rows not loaded because all WHEN clauses were failed.
  0 Rows not loaded because all fields were null.


Space allocated for bind array:                 516000 bytes(250 rows)
Read   buffer bytes: 1048576

Total logical records skipped:          0
Total logical records read:           250
Total logical records rejected:        51
Total logical records discarded:        0

Run began on Thu May 13 20:31:32 2021
Run ended on Thu May 13 20:31:32 2021

Elapsed time was:     00:00:00.23
CPU time was:         00:00:00.16
