
SQL*Loader: Release 18.0.0.0.0 - Production on Thu May 13 20:31:33 2021
Version 18.4.0.0.0

Copyright (c) 1982, 2019, Oracle and/or its affiliates.  All rights reserved.

Control File:   recepty.ctl
Data File:      recepty.csv
  Bad File:     bad/recepty.bad
  Discard File: dsc/recepty.dsc 
 (Allow all discards)

Number to load: ALL
Number to skip: 0
Errors allowed: 50
Bind array:     250 rows, maximum of 1048576 bytes
Continuation:    none specified
Path used:      Conventional

Table RECEPTY, loaded from every logical record.
Insert option in effect for this table: REPLACE
TRAILING NULLCOLS option in effect

   Column Name                  Position   Len  Term Encl Datatype
------------------------------ ---------- ----- ---- ---- ---------------------
RECEPTA_ID                          FIRST     *   ,       CHARACTER            
PRACOWNIK_ID                         NEXT     *   ,       CHARACTER            
WIZYTA_ID                            NEXT     *   ,       CHARACTER            
ODDZIAL_NFZ_ID                       NEXT     *   ,       CHARACTER            
RECEPTA_CHOROBA_ID                   NEXT     *   ,       CHARACTER            
ULGA_ID                              NEXT     *   ,       CHARACTER            

Record 1: Rejected - Error on table RECEPTY, column RECEPTA_CHOROBA_ID.
ORA-01400: cannot insert NULL into ("POTAS"."RECEPTY"."RECEPTA_CHOROBA_ID")

Record 2: Rejected - Error on table RECEPTY, column RECEPTA_CHOROBA_ID.
ORA-01400: cannot insert NULL into ("POTAS"."RECEPTY"."RECEPTA_CHOROBA_ID")

Record 3: Rejected - Error on table RECEPTY, column RECEPTA_CHOROBA_ID.
ORA-01400: cannot insert NULL into ("POTAS"."RECEPTY"."RECEPTA_CHOROBA_ID")

Record 4: Rejected - Error on table RECEPTY, column RECEPTA_CHOROBA_ID.
ORA-01400: cannot insert NULL into ("POTAS"."RECEPTY"."RECEPTA_CHOROBA_ID")

Record 5: Rejected - Error on table RECEPTY, column RECEPTA_CHOROBA_ID.
ORA-01400: cannot insert NULL into ("POTAS"."RECEPTY"."RECEPTA_CHOROBA_ID")

Record 6: Rejected - Error on table RECEPTY, column RECEPTA_CHOROBA_ID.
ORA-01400: cannot insert NULL into ("POTAS"."RECEPTY"."RECEPTA_CHOROBA_ID")

Record 7: Rejected - Error on table RECEPTY, column RECEPTA_CHOROBA_ID.
ORA-01400: cannot insert NULL into ("POTAS"."RECEPTY"."RECEPTA_CHOROBA_ID")

Record 8: Rejected - Error on table RECEPTY.
ORA-02291: integrity constraint (POTAS.FK_RECEPTA_CHOROBA_RECEPTY) violated - parent key not found

Record 9: Rejected - Error on table RECEPTY.
ORA-02291: integrity constraint (POTAS.FK_RECEPTA_CHOROBA_RECEPTY) violated - parent key not found

Record 10: Rejected - Error on table RECEPTY, column RECEPTA_CHOROBA_ID.
ORA-01400: cannot insert NULL into ("POTAS"."RECEPTY"."RECEPTA_CHOROBA_ID")

Record 11: Rejected - Error on table RECEPTY, column RECEPTA_CHOROBA_ID.
ORA-01400: cannot insert NULL into ("POTAS"."RECEPTY"."RECEPTA_CHOROBA_ID")

Record 12: Rejected - Error on table RECEPTY, column RECEPTA_CHOROBA_ID.
ORA-01400: cannot insert NULL into ("POTAS"."RECEPTY"."RECEPTA_CHOROBA_ID")

Record 13: Rejected - Error on table RECEPTY, column RECEPTA_CHOROBA_ID.
ORA-01400: cannot insert NULL into ("POTAS"."RECEPTY"."RECEPTA_CHOROBA_ID")

Record 14: Rejected - Error on table RECEPTY, column RECEPTA_CHOROBA_ID.
ORA-01400: cannot insert NULL into ("POTAS"."RECEPTY"."RECEPTA_CHOROBA_ID")

Record 15: Rejected - Error on table RECEPTY, column RECEPTA_CHOROBA_ID.
ORA-01400: cannot insert NULL into ("POTAS"."RECEPTY"."RECEPTA_CHOROBA_ID")

Record 16: Rejected - Error on table RECEPTY, column RECEPTA_CHOROBA_ID.
ORA-01400: cannot insert NULL into ("POTAS"."RECEPTY"."RECEPTA_CHOROBA_ID")

Record 17: Rejected - Error on table RECEPTY, column RECEPTA_CHOROBA_ID.
ORA-01400: cannot insert NULL into ("POTAS"."RECEPTY"."RECEPTA_CHOROBA_ID")

Record 18: Rejected - Error on table RECEPTY, column RECEPTA_CHOROBA_ID.
ORA-01400: cannot insert NULL into ("POTAS"."RECEPTY"."RECEPTA_CHOROBA_ID")

Record 19: Rejected - Error on table RECEPTY, column RECEPTA_CHOROBA_ID.
ORA-01400: cannot insert NULL into ("POTAS"."RECEPTY"."RECEPTA_CHOROBA_ID")

Record 20: Rejected - Error on table RECEPTY, column RECEPTA_CHOROBA_ID.
ORA-01400: cannot insert NULL into ("POTAS"."RECEPTY"."RECEPTA_CHOROBA_ID")

Record 21: Rejected - Error on table RECEPTY, column RECEPTA_CHOROBA_ID.
ORA-01400: cannot insert NULL into ("POTAS"."RECEPTY"."RECEPTA_CHOROBA_ID")

Record 22: Rejected - Error on table RECEPTY, column RECEPTA_CHOROBA_ID.
ORA-01400: cannot insert NULL into ("POTAS"."RECEPTY"."RECEPTA_CHOROBA_ID")

Record 23: Rejected - Error on table RECEPTY, column RECEPTA_CHOROBA_ID.
ORA-01400: cannot insert NULL into ("POTAS"."RECEPTY"."RECEPTA_CHOROBA_ID")

Record 24: Rejected - Error on table RECEPTY, column RECEPTA_CHOROBA_ID.
ORA-01400: cannot insert NULL into ("POTAS"."RECEPTY"."RECEPTA_CHOROBA_ID")

Record 25: Rejected - Error on table RECEPTY, column RECEPTA_CHOROBA_ID.
ORA-01400: cannot insert NULL into ("POTAS"."RECEPTY"."RECEPTA_CHOROBA_ID")

Record 26: Rejected - Error on table RECEPTY, column RECEPTA_CHOROBA_ID.
ORA-01400: cannot insert NULL into ("POTAS"."RECEPTY"."RECEPTA_CHOROBA_ID")

Record 27: Rejected - Error on table RECEPTY, column RECEPTA_CHOROBA_ID.
ORA-01400: cannot insert NULL into ("POTAS"."RECEPTY"."RECEPTA_CHOROBA_ID")

Record 28: Rejected - Error on table RECEPTY, column RECEPTA_CHOROBA_ID.
ORA-01400: cannot insert NULL into ("POTAS"."RECEPTY"."RECEPTA_CHOROBA_ID")

Record 29: Rejected - Error on table RECEPTY, column RECEPTA_CHOROBA_ID.
ORA-01400: cannot insert NULL into ("POTAS"."RECEPTY"."RECEPTA_CHOROBA_ID")

Record 30: Rejected - Error on table RECEPTY, column RECEPTA_CHOROBA_ID.
ORA-01400: cannot insert NULL into ("POTAS"."RECEPTY"."RECEPTA_CHOROBA_ID")

Record 31: Rejected - Error on table RECEPTY, column RECEPTA_CHOROBA_ID.
ORA-01400: cannot insert NULL into ("POTAS"."RECEPTY"."RECEPTA_CHOROBA_ID")

Record 32: Rejected - Error on table RECEPTY, column RECEPTA_CHOROBA_ID.
ORA-01400: cannot insert NULL into ("POTAS"."RECEPTY"."RECEPTA_CHOROBA_ID")

Record 33: Rejected - Error on table RECEPTY, column RECEPTA_CHOROBA_ID.
ORA-01400: cannot insert NULL into ("POTAS"."RECEPTY"."RECEPTA_CHOROBA_ID")

Record 34: Rejected - Error on table RECEPTY, column RECEPTA_CHOROBA_ID.
ORA-01400: cannot insert NULL into ("POTAS"."RECEPTY"."RECEPTA_CHOROBA_ID")

Record 35: Rejected - Error on table RECEPTY, column RECEPTA_CHOROBA_ID.
ORA-01400: cannot insert NULL into ("POTAS"."RECEPTY"."RECEPTA_CHOROBA_ID")

Record 36: Rejected - Error on table RECEPTY, column RECEPTA_CHOROBA_ID.
ORA-01400: cannot insert NULL into ("POTAS"."RECEPTY"."RECEPTA_CHOROBA_ID")

Record 37: Rejected - Error on table RECEPTY, column RECEPTA_CHOROBA_ID.
ORA-01400: cannot insert NULL into ("POTAS"."RECEPTY"."RECEPTA_CHOROBA_ID")

Record 38: Rejected - Error on table RECEPTY, column RECEPTA_CHOROBA_ID.
ORA-01400: cannot insert NULL into ("POTAS"."RECEPTY"."RECEPTA_CHOROBA_ID")

Record 39: Rejected - Error on table RECEPTY, column RECEPTA_CHOROBA_ID.
ORA-01400: cannot insert NULL into ("POTAS"."RECEPTY"."RECEPTA_CHOROBA_ID")

Record 40: Rejected - Error on table RECEPTY, column RECEPTA_CHOROBA_ID.
ORA-01400: cannot insert NULL into ("POTAS"."RECEPTY"."RECEPTA_CHOROBA_ID")

Record 41: Rejected - Error on table RECEPTY, column RECEPTA_CHOROBA_ID.
ORA-01400: cannot insert NULL into ("POTAS"."RECEPTY"."RECEPTA_CHOROBA_ID")

Record 42: Rejected - Error on table RECEPTY, column RECEPTA_CHOROBA_ID.
ORA-01400: cannot insert NULL into ("POTAS"."RECEPTY"."RECEPTA_CHOROBA_ID")

Record 43: Rejected - Error on table RECEPTY, column RECEPTA_CHOROBA_ID.
ORA-01400: cannot insert NULL into ("POTAS"."RECEPTY"."RECEPTA_CHOROBA_ID")

Record 44: Rejected - Error on table RECEPTY, column RECEPTA_CHOROBA_ID.
ORA-01400: cannot insert NULL into ("POTAS"."RECEPTY"."RECEPTA_CHOROBA_ID")

Record 45: Rejected - Error on table RECEPTY, column RECEPTA_CHOROBA_ID.
ORA-01400: cannot insert NULL into ("POTAS"."RECEPTY"."RECEPTA_CHOROBA_ID")

Record 46: Rejected - Error on table RECEPTY.
ORA-02291: integrity constraint (POTAS.FK_RECEPTA_CHOROBA_RECEPTY) violated - parent key not found

Record 47: Rejected - Error on table RECEPTY, column RECEPTA_CHOROBA_ID.
ORA-01400: cannot insert NULL into ("POTAS"."RECEPTY"."RECEPTA_CHOROBA_ID")

Record 48: Rejected - Error on table RECEPTY, column RECEPTA_CHOROBA_ID.
ORA-01400: cannot insert NULL into ("POTAS"."RECEPTY"."RECEPTA_CHOROBA_ID")

Record 49: Rejected - Error on table RECEPTY, column RECEPTA_CHOROBA_ID.
ORA-01400: cannot insert NULL into ("POTAS"."RECEPTY"."RECEPTA_CHOROBA_ID")

Record 50: Rejected - Error on table RECEPTY, column RECEPTA_CHOROBA_ID.
ORA-01400: cannot insert NULL into ("POTAS"."RECEPTY"."RECEPTA_CHOROBA_ID")

Record 51: Rejected - Error on table RECEPTY, column RECEPTA_CHOROBA_ID.
ORA-01400: cannot insert NULL into ("POTAS"."RECEPTY"."RECEPTA_CHOROBA_ID")


MAXIMUM ERROR COUNT EXCEEDED - Above statistics reflect partial run.

Table RECEPTY:
  0 Rows successfully loaded.
  51 Rows not loaded due to data errors.
  0 Rows not loaded because all WHEN clauses were failed.
  0 Rows not loaded because all fields were null.


Space allocated for bind array:                 387000 bytes(250 rows)
Read   buffer bytes: 1048576

Total logical records skipped:          0
Total logical records read:           250
Total logical records rejected:        51
Total logical records discarded:        0

Run began on Thu May 13 20:31:33 2021
Run ended on Thu May 13 20:31:33 2021

Elapsed time was:     00:00:00.23
CPU time was:         00:00:00.17
