
SQL*Loader: Release 18.0.0.0.0 - Production on Mon May 17 19:35:20 2021
Version 18.4.0.0.0

Copyright (c) 1982, 2019, Oracle and/or its affiliates.  All rights reserved.

Control File:   statusy_wizyt.ctl
Data File:      statusy_wizyt.csv
  Bad File:     bad/statusy_wizyt.bad
  Discard File: dsc/statusy_wizyt.dsc 
 (Allow all discards)

Number to load: ALL
Number to skip: 0
Errors allowed: 50
Bind array:     250 rows, maximum of 1048576 bytes
Continuation:    none specified
Path used:      Conventional

Table STATUSY_WIZYT, loaded from every logical record.
Insert option in effect for this table: REPLACE
TRAILING NULLCOLS option in effect

   Column Name                  Position   Len  Term Encl Datatype
------------------------------ ---------- ----- ---- ---- ---------------------
STATUSY_WIZYT_ID                    FIRST     *   ,       CHARACTER            
STATUS                               NEXT     *   ,       CHARACTER            
OPIS                                 NEXT     *   ,       CHARACTER            


Table STATUSY_WIZYT:
  100000 Rows successfully loaded.
  0 Rows not loaded due to data errors.
  0 Rows not loaded because all WHEN clauses were failed.
  0 Rows not loaded because all fields were null.


Space allocated for bind array:                 193500 bytes(250 rows)
Read   buffer bytes: 1048576

Total logical records skipped:          0
Total logical records read:        100000
Total logical records rejected:         0
Total logical records discarded:        0

Run began on Mon May 17 19:35:20 2021
Run ended on Mon May 17 19:35:22 2021

Elapsed time was:     00:00:01.38
CPU time was:         00:00:00.16
