
SQL*Loader: Release 18.0.0.0.0 - Production on Mon May 17 16:20:15 2021
Version 18.4.0.0.0

Copyright (c) 1982, 2019, Oracle and/or its affiliates.  All rights reserved.

Control File:   wizyty.ctl
Data File:      wizyty.csv
  Bad File:     bad/wizyty.bad
  Discard File: dsc/wizyty.dsc 
 (Allow all discards)

Number to load: ALL
Number to skip: 0
Errors allowed: 50
Bind array:     250 rows, maximum of 1048576 bytes
Continuation:    none specified
Path used:      Conventional

Table WIZYTY, loaded from every logical record.
Insert option in effect for this table: REPLACE
TRAILING NULLCOLS option in effect

   Column Name                  Position   Len  Term Encl Datatype
------------------------------ ---------- ----- ---- ---- ---------------------
WIZYTA_ID                           FIRST     *   ,       CHARACTER            
OPLATA                               NEXT     *   ,       CHARACTER            
DATA_WIZYTY                          NEXT     *   ,       DATE YYYY-MM-DD      
GODZINA_POCZATEK                     NEXT     *   ,       CHARACTER            
GODZINA_KONIEC                       NEXT     *   ,       CHARACTER            
PACJENT_ID                           NEXT     *   ,       CHARACTER            
PRAC_SPEC                            NEXT     *   ,       CHARACTER            
PRAC_UMA                             NEXT     *   ,       CHARACTER            
GABINET_ID                           NEXT     *   ,       CHARACTER            


Table WIZYTY:
  100000 Rows successfully loaded.
  0 Rows not loaded due to data errors.
  0 Rows not loaded because all WHEN clauses were failed.
  0 Rows not loaded because all fields were null.


Space allocated for bind array:                 580500 bytes(250 rows)
Read   buffer bytes: 1048576

Total logical records skipped:          0
Total logical records read:        100000
Total logical records rejected:         0
Total logical records discarded:        0

Run began on Mon May 17 16:20:15 2021
Run ended on Mon May 17 16:20:17 2021

Elapsed time was:     00:00:01.86
CPU time was:         00:00:00.36
