
SQL*Loader: Release 18.0.0.0.0 - Production on Mon May 17 15:28:36 2021
Version 18.4.0.0.0

Copyright (c) 1982, 2019, Oracle and/or its affiliates.  All rights reserved.

Control File:   zabiegi.ctl
Data File:      zabiegi.csv
  Bad File:     bad/zabiegi.bad
  Discard File: dsc/zabiegi.dsc 
 (Allow all discards)

Number to load: ALL
Number to skip: 0
Errors allowed: 50
Bind array:     250 rows, maximum of 1048576 bytes
Continuation:    none specified
Path used:      Conventional

Table ZABIEGI, loaded from every logical record.
Insert option in effect for this table: REPLACE
TRAILING NULLCOLS option in effect

   Column Name                  Position   Len  Term Encl Datatype
------------------------------ ---------- ----- ---- ---- ---------------------
ZABIEG_ID                           FIRST     *   ,       CHARACTER            
NAZWA                                NEXT     *   ,       CHARACTER            
CENA_NETTO                           NEXT     *   ,       CHARACTER            
PRACOWNIK_ID                         NEXT     *   ,       CHARACTER            
WIZYTA_ID                            NEXT     *   ,       CHARACTER            


Table ZABIEGI:
  24451 Rows successfully loaded.
  0 Rows not loaded due to data errors.
  0 Rows not loaded because all WHEN clauses were failed.
  0 Rows not loaded because all fields were null.


Space allocated for bind array:                 322500 bytes(250 rows)
Read   buffer bytes: 1048576

Total logical records skipped:          0
Total logical records read:         24451
Total logical records rejected:         0
Total logical records discarded:        0

Run began on Mon May 17 15:28:36 2021
Run ended on Mon May 17 15:28:37 2021

Elapsed time was:     00:00:00.55
CPU time was:         00:00:00.22
