
SQL*Loader: Release 18.0.0.0.0 - Production on Wed May 19 12:11:49 2021
Version 18.4.0.0.0

Copyright (c) 1982, 2019, Oracle and/or its affiliates.  All rights reserved.

Control File:   stanowiska.ctl
Data File:      stanowiska.csv
  Bad File:     bad/stanowiska.bad
  Discard File: dsc/stanowiska.dsc 
 (Allow all discards)

Number to load: ALL
Number to skip: 0
Errors allowed: 50
Bind array:     250 rows, maximum of 1048576 bytes
Continuation:    none specified
Path used:      Conventional

Table STANOWISKA, loaded from every logical record.
Insert option in effect for this table: REPLACE
TRAILING NULLCOLS option in effect

   Column Name                  Position   Len  Term Encl Datatype
------------------------------ ---------- ----- ---- ---- ---------------------
STANOWISKO_ID                       FIRST     *   ,       CHARACTER            
NAZWA                                NEXT     *   ,       CHARACTER            
PENSJA                               NEXT     *   ,       CHARACTER            
UPRAWNIENIE_ID                       NEXT     *   ,       CHARACTER            


Table STANOWISKA:
  10000 Rows successfully loaded.
  0 Rows not loaded due to data errors.
  0 Rows not loaded because all WHEN clauses were failed.
  0 Rows not loaded because all fields were null.


Space allocated for bind array:                 258000 bytes(250 rows)
Read   buffer bytes: 1048576

Total logical records skipped:          0
Total logical records read:         10000
Total logical records rejected:         0
Total logical records discarded:        0

Run began on Wed May 19 12:11:49 2021
Run ended on Wed May 19 12:11:49 2021

Elapsed time was:     00:00:00.29
CPU time was:         00:00:00.14
